2025-10-08 00:17:40,472 - INFO - app.main - 2项目中标信息|请求参数：{'project_name': '第239期 - 山顶咖啡9', 'l_serial_number': 'l019', 'p_serial_number': 'p019', 'f_serial_number': 'f019', 'bidding_code': '9999999', 'contract_number': '123321', 'winning_amount': 9999999.0, 'winning_time': datetime.datetime(2025, 10, 7, 16, 35, 30), 'actual_winning_company': '深圳市深业晋展物料供应有限公司'}
2025-10-08 00:19:20,089 - INFO - app.main - 3合同审核|请求参数: {'project_name': '第239期 - 山顶咖啡9', 'l_serial_number': 'l019', 'p_serial_number': 'p019', 'f_serial_number': 'f019', 'contract_number': 'contract001', 'contract_serial_number': '123321', 'company_b_name': '1', 'company_c_name': '1', 'company_d_name': '1', 'winning_amount': 11111.0, 'contracts': [{'numberField_l7ps2caa': 'string', 'radioField_lfafvypp': 'string', 'selectField_l7ps2ca3': '三方/四方合同', 'numberField_leqpuqk4': 'string', 'selectField_l7ps2ca8': 'string', 'numberField_l7ps2ca9': 'string', 'selectField_l7ps2ca7': 'PRECISE INSTRUMENT COMPANY LIMITED', 'selectField_l7ps2ca6': '深圳市深业晋展物料供应有限公司', 'numberField_lfafvypq': 'string', 'selectField_l7ps2ca5': '付'}]}
2025-10-08 00:19:20,095 - INFO - app.main - 没有找到项目信息，不发送邮件
2025-10-08 00:19:40,491 - INFO - app.main - 3合同审核|请求参数: {'project_name': '第239期 - 山顶咖啡9', 'l_serial_number': 'l019', 'p_serial_number': 'p019', 'f_serial_number': 'f019', 'contract_number': '123321', 'contract_serial_number': '123321', 'company_b_name': '1', 'company_c_name': '1', 'company_d_name': '1', 'winning_amount': 11111.0, 'contracts': [{'numberField_l7ps2caa': 'string', 'radioField_lfafvypp': 'string', 'selectField_l7ps2ca3': '三方/四方合同', 'numberField_leqpuqk4': 'string', 'selectField_l7ps2ca8': 'string', 'numberField_l7ps2ca9': 'string', 'selectField_l7ps2ca7': 'PRECISE INSTRUMENT COMPANY LIMITED', 'selectField_l7ps2ca6': '深圳市深业晋展物料供应有限公司', 'numberField_lfafvypq': 'string', 'selectField_l7ps2ca5': '付'}]}
2025-10-08 00:19:40,513 - INFO - app.main - 获取到的中标金额为9999999.00，中标时间为2025-10-07
2025-10-08 00:19:40,513 - INFO - app.main - B公司名称：深圳市深业晋展物料供应有限公司
2025-10-08 00:19:40,513 - INFO - app.main - C公司名称：深圳市深业晋展物料供应有限公司
2025-10-08 00:19:40,513 - INFO - app.main - D公司名称：PRECISE INSTRUMENT COMPANY LIMITED
2025-10-08 00:19:40,518 - INFO - app.main - @@@@@@@@@@@@@@C公司名称：深圳市深业晋展物料供应有限公司
2025-10-08 00:19:40,529 - INFO - app.main - CCD 类型项目: 第239期 - 山顶咖啡9
2025-10-08 00:19:40,530 - ERROR - app.main - ❌ 未处理异常: TypeError("schedule_bid_conversation_CCD() got an unexpected keyword argument 'project_info'")
2025-10-08 00:24:23,801 - INFO - app.main - 3合同审核|请求参数: {'project_name': '第239期 - 山顶咖啡9', 'l_serial_number': 'l019', 'p_serial_number': 'p019', 'f_serial_number': 'f019', 'contract_number': '123321', 'contract_serial_number': '123321', 'company_b_name': '1', 'company_c_name': '1', 'company_d_name': '1', 'winning_amount': 11111.0, 'contracts': [{'numberField_l7ps2caa': 'string', 'radioField_lfafvypp': 'string', 'selectField_l7ps2ca3': '三方/四方合同', 'numberField_leqpuqk4': 'string', 'selectField_l7ps2ca8': 'string', 'numberField_l7ps2ca9': 'string', 'selectField_l7ps2ca7': 'PRECISE INSTRUMENT COMPANY LIMITED', 'selectField_l7ps2ca6': '深圳市深业晋展物料供应有限公司', 'numberField_lfafvypq': 'string', 'selectField_l7ps2ca5': '付'}]}
2025-10-08 00:24:23,826 - INFO - app.main - 获取到的中标金额为9999999.00，中标时间为2025-10-07
2025-10-08 00:24:23,826 - INFO - app.main - B公司名称：深圳市深业晋展物料供应有限公司
2025-10-08 00:24:23,826 - INFO - app.main - C公司名称：深圳市深业晋展物料供应有限公司
2025-10-08 00:24:23,826 - INFO - app.main - D公司名称：PRECISE INSTRUMENT COMPANY LIMITED
2025-10-08 00:24:23,830 - INFO - app.main - @@@@@@@@@@@@@@C公司名称：深圳市深业晋展物料供应有限公司
2025-10-08 00:24:23,839 - INFO - app.main - CCD 类型项目: 第239期 - 山顶咖啡9
2025-10-08 00:24:23,967 - INFO - app.main - 合同审批阶段邮件已成功发送，合同号为123321
2025-10-08 01:21:15,506 - INFO - app.main - 1委托投标登记|请求参数：{'purchase_department': 'test00001', 'b_company_name': '深圳市深业晋展物料供应有限公司', 'project_name': '第239期 - 山顶咖啡10', 'l_serial_number': 'l020', 'p_serial_number': 'p020', 'f_serial_number': 'f020', 'bidding_code': '123456789'}
2025-10-08 01:21:15,518 - INFO - app.main - (2) 确定本项目邮箱别名 (A/B/C): B
2025-10-08 01:21:15,530 - INFO - app.main - B公司名称：深圳市深业晋展物料供应有限公司
2025-10-08 01:21:15,566 - INFO - app.main - PR 邮件抄送人: ['494762262@qq.com']
2025-10-08 01:21:15,708 - INFO - app.main - A1邮件调度延迟（分钟）: LF=0, FR=1, PR=0
2025-10-08 01:33:54,825 - INFO - app.main - 2项目中标信息|请求参数：{'project_name': '第239期 - 山顶咖啡20', 'l_serial_number': 'l020', 'p_serial_number': 'p020', 'f_serial_number': 'f020', 'bidding_code': '9999999', 'contract_number': '123322', 'winning_amount': 9999999.0, 'winning_time': datetime.datetime(2025, 10, 7, 16, 35, 30), 'actual_winning_company': '深圳市深业晋展物料供应有限公司'}
2025-10-08 01:43:23,651 - INFO - app.main - 3合同审核|请求参数: {'project_name': '第239期 - 山顶咖啡9', 'l_serial_number': 'l019', 'p_serial_number': 'p019', 'f_serial_number': 'f019', 'contract_number': '123321', 'contract_serial_number': '123322', 'company_b_name': '1', 'company_c_name': '1', 'company_d_name': '1', 'winning_amount': 11111.0, 'contracts': [{'numberField_l7ps2caa': 'string', 'radioField_lfafvypp': 'string', 'selectField_l7ps2ca3': '三方/四方合同', 'numberField_leqpuqk4': 'string', 'selectField_l7ps2ca8': 'string', 'numberField_l7ps2ca9': 'string', 'selectField_l7ps2ca7': 'PRECISE INSTRUMENT COMPANY LIMITED', 'selectField_l7ps2ca6': '深圳市深业晋展物料供应有限公司', 'numberField_lfafvypq': 'string', 'selectField_l7ps2ca5': '付'}]}
2025-10-08 01:43:23,670 - INFO - app.main - 获取到的中标金额为9999999.00，中标时间为2025-10-07
2025-10-08 01:43:23,670 - INFO - app.main - D值没有修改，已经发送过邮件，不再触发发邮件，合同号：123321
2025-10-08 01:43:44,405 - INFO - app.main - 3合同审核|请求参数: {'project_name': '第239期 - 山顶咖啡9', 'l_serial_number': 'l019', 'p_serial_number': 'p019', 'f_serial_number': 'f019', 'contract_number': '123322', 'contract_serial_number': '123322', 'company_b_name': '1', 'company_c_name': '1', 'company_d_name': '1', 'winning_amount': 11111.0, 'contracts': [{'numberField_l7ps2caa': 'string', 'radioField_lfafvypp': 'string', 'selectField_l7ps2ca3': '三方/四方合同', 'numberField_leqpuqk4': 'string', 'selectField_l7ps2ca8': 'string', 'numberField_l7ps2ca9': 'string', 'selectField_l7ps2ca7': 'PRECISE INSTRUMENT COMPANY LIMITED', 'selectField_l7ps2ca6': '深圳市深业晋展物料供应有限公司', 'numberField_lfafvypq': 'string', 'selectField_l7ps2ca5': '付'}]}
2025-10-08 01:43:44,424 - INFO - app.main - 获取到的中标金额为9999999.00，中标时间为2025-10-07
2025-10-08 01:43:44,424 - INFO - app.main - B公司名称：深圳市深业晋展物料供应有限公司
2025-10-08 01:43:44,424 - INFO - app.main - C公司名称：深圳市深业晋展物料供应有限公司
2025-10-08 01:43:44,424 - INFO - app.main - D公司名称：PRECISE INSTRUMENT COMPANY LIMITED
2025-10-08 01:43:44,429 - INFO - app.main - @@@@@@@@@@@@@@C公司名称：深圳市深业晋展物料供应有限公司
2025-10-08 01:43:44,437 - INFO - app.main - CCD 类型项目: 第239期 - 山顶咖啡10
2025-10-08 01:43:44,511 - INFO - app.main - 合同审批阶段邮件已成功发送，合同号为123322
